<?xml version="1.0" encoding="UTF-8"?>
<!-- Generated by org.testng.reporters.JUnitXMLReporter -->
<testsuite ignored="0" hostname="Bala-PC" failures="1" tests="3" name="Test" time="3.301" errors="0" timestamp="2022-02-05T16:56:29 EST">
  <testcase classname="mavenpackage.FirstMavenExercise" name="mavenTest" time="3.253"/>
  <testcase classname="mavenpackage.Parameterization" name="optional" time="0.002"/>
  <testcase classname="mavenpackage.Parameterization" name="parameterizedTest" time="0.0">
    <failure type="org.testng.TestNGException" message="
Parameter &amp;apos;browser&amp;apos; is required by @Test on method parameterizedTest but has not been marked @Optional or defined
in E:\Jayanthi\Manual Testing\eclipse-workspace\MavenProject\Maventestng.xml">
      <![CDATA[org.testng.TestNGException: 
Parameter 'browser' is required by @Test on method parameterizedTest but has not been marked @Optional or defined
in E:\Jayanthi\Manual Testing\eclipse-workspace\MavenProject\Maventestng.xml
at java.base/java.util.ArrayList.forEach(ArrayList.java:1511)
... Removed 26 stack frames]]>
    </failure>
  </testcase> <!-- parameterizedTest -->
</testsuite> <!-- Test -->
